<?xml version="1.0" encoding="UTF-8"?>
<!-- Generated by org.testng.reporters.JUnitReportReporter -->
<testsuite hostname="asda1777po02529" failures="0" tests="13" name="com.qa.studentstoreAtumation.ForgetPasswordTest" time="61.149" errors="0" timestamp="12 Aug 2019 09:32:31 GMT">
  <testcase classname="com.qa.studentstoreAtumation.ForgetPasswordTest" name="login_by_gmail" time="1.639"/>
  <testcase classname="com.qa.studentstoreAtumation.ForgetPasswordTest" name="search_mail" time="22.350"/>
  <testcase classname="com.qa.studentstoreAtumation.ForgetPasswordTest" name="again_login" time="1.781"/>
  <testcase classname="com.qa.studentstoreAtumation.ForgetPasswordTest" name="clickOn_resetpassword" time="0.110"/>
  <testcase classname="com.qa.studentstoreAtumation.ForgetPasswordTest" name="click_on_signup" time="3.027"/>
  <testcase classname="com.qa.studentstoreAtumation.ForgetPasswordTest" name="logo_verify" time="10.165"/>
  <testcase classname="com.qa.studentstoreAtumation.ForgetPasswordTest" name="fill_newPassword" time="1.118"/>
  <testcase classname="com.qa.studentstoreAtumation.ForgetPasswordTest" name="launch_driver" time="13.886"/>
  <testcase classname="com.qa.studentstoreAtumation.ForgetPasswordTest" name="launch_gmail_page" time="5.235"/>
  <testcase classname="com.qa.studentstoreAtumation.ForgetPasswordTest" name="click_on_forgot" time="1.404"/>
  <testcase classname="com.qa.studentstoreAtumation.ForgetPasswordTest" name="Ids_verify" time="0.307"/>
  <testcase classname="com.qa.studentstoreAtumation.ForgetPasswordTest" name="content_verify" time="0.097"/>
  <testcase classname="com.qa.studentstoreAtumation.ForgetPasswordTest" name="link_verify" time="0.030"/>
</testsuite> <!-- com.qa.studentstoreAtumation.ForgetPasswordTest -->
