<?xml version="1.0" encoding="UTF-8"?>
<!-- Generated by org.testng.reporters.JUnitReportReporter -->
<testsuite hostname="asda1777po02529" failures="0" tests="13" name="com.qa.studentstoreAtumation.ForgetPasswordTest" time="61.492" errors="0" timestamp="12 Aug 2019 04:42:27 GMT">
  <testcase classname="com.qa.studentstoreAtumation.ForgetPasswordTest" name="Ids_verify" time="0.273"/>
  <testcase classname="com.qa.studentstoreAtumation.ForgetPasswordTest" name="launch_driver" time="14.857"/>
  <testcase classname="com.qa.studentstoreAtumation.ForgetPasswordTest" name="content_verify" time="0.134"/>
  <testcase classname="com.qa.studentstoreAtumation.ForgetPasswordTest" name="click_on_forgot" time="1.124"/>
  <testcase classname="com.qa.studentstoreAtumation.ForgetPasswordTest" name="link_verify" time="0.040"/>
  <testcase classname="com.qa.studentstoreAtumation.ForgetPasswordTest" name="clickOn_resetpassword" time="0.175"/>
  <testcase classname="com.qa.studentstoreAtumation.ForgetPasswordTest" name="logo_verify" time="10.048"/>
  <testcase classname="com.qa.studentstoreAtumation.ForgetPasswordTest" name="again_login" time="2.179"/>
  <testcase classname="com.qa.studentstoreAtumation.ForgetPasswordTest" name="click_on_signup" time="2.874"/>
  <testcase classname="com.qa.studentstoreAtumation.ForgetPasswordTest" name="search_mail" time="21.975"/>
  <testcase classname="com.qa.studentstoreAtumation.ForgetPasswordTest" name="launch_gmail_page" time="5.098"/>
  <testcase classname="com.qa.studentstoreAtumation.ForgetPasswordTest" name="fill_newPassword" time="1.198"/>
  <testcase classname="com.qa.studentstoreAtumation.ForgetPasswordTest" name="login_by_gmail" time="1.517"/>
</testsuite> <!-- com.qa.studentstoreAtumation.ForgetPasswordTest -->
